2015/06/18 00:20:25 INFO  - jmeter.util.JMeterUtils: Setting Locale to pt_BR 
2015/06/18 00:20:26 INFO  - jmeter.JMeter: Copyright (c) 1998-2014 The Apache Software Foundation 
2015/06/18 00:20:26 INFO  - jmeter.JMeter: Version 2.12 r1636949 
2015/06/18 00:20:26 INFO  - jmeter.JMeter: java.version=1.8.0_40 
2015/06/18 00:20:26 INFO  - jmeter.JMeter: java.vm.name=Java HotSpot(TM) 64-Bit Server VM 
2015/06/18 00:20:26 INFO  - jmeter.JMeter: os.name=Windows 8.1 
2015/06/18 00:20:26 INFO  - jmeter.JMeter: os.arch=amd64 
2015/06/18 00:20:26 INFO  - jmeter.JMeter: os.version=6.3 
2015/06/18 00:20:26 INFO  - jmeter.JMeter: file.encoding=Cp1252 
2015/06/18 00:20:26 INFO  - jmeter.JMeter: Default Locale=português (Brasil) 
2015/06/18 00:20:26 INFO  - jmeter.JMeter: JMeter  Locale=português (Brasil) 
2015/06/18 00:20:26 INFO  - jmeter.JMeter: JMeterHome=C:\Users\Karina\Desktop\jmeter\build\jmeter 
2015/06/18 00:20:26 INFO  - jmeter.JMeter: user.dir  =C:\Users\Karina\Desktop\jmeter\build\jmeter 
2015/06/18 00:20:26 INFO  - jmeter.JMeter: PWD       =C:\Users\Karina\Desktop\jmeter\build\jmeter 
2015/06/18 00:20:26 INFO  - jmeter.JMeter: IP: 192.168.1.4 Name: KarinaMoura FullName: KarinaMoura 
2015/06/18 00:20:26 INFO  - jmeter.JMeter: search_paths=/C:/Users/Karina/.gradle/caches/modules-2/files-2.1/org.apache.jmeter/ApacheJMeter/2.12/78991622cdb52b30b4e0e44b9a51a8615a94788e/ApacheJMeter-2.12.jar;/C:/Users/Karina/.gradle/caches/modules-2/files-2.1/org.apache.jmeter/ApacheJMeter_mail/2.12/eb75ac54e1abca14a1904fa34cd6cd2d4a526438/ApacheJMeter_mail-2.12.jar;/C:/Users/Karina/.gradle/caches/modules-2/files-2.1/org.apache.jmeter/ApacheJMeter_report/2.12/39833edb6b69ed67e9757c32781bc11d71638e2f/ApacheJMeter_report-2.12.jar;/C:/Users/Karina/.gradle/caches/modules-2/files-2.1/org.apache.jmeter/ApacheJMeter_config/2.12/15a68aff204513fa7da7772852a8a6c30409b10d/ApacheJMeter_config-2.12.jar;/C:/Users/Karina/.gradle/caches/modules-2/files-2.1/org.apache.jmeter/ApacheJMeter_core/2.12/d723f22a5cb7a622b2ecc03db7311ecec8b01998/ApacheJMeter_core-2.12.jar;/C:/Users/Karina/.gradle/caches/modules-2/files-2.1/org.apache.jmeter/ApacheJMeter_jdbc/2.12/4e6cf188710f31e747a35ada7da3e28c552c69b3/ApacheJMeter_jdbc-2.12.jar;/C:/Users/Karina/.gradle/caches/modules-2/files-2.1/org.apache.jmeter/ApacheJMeter_ldap/2.12/f7a5cbfe0c7cb4d1210071ec625638f4e8f4dfd6/ApacheJMeter_ldap-2.12.jar;/C:/Users/Karina/.gradle/caches/modules-2/files-2.1/org.beanshell/bsh-core/2.0b4/495e25a99e29970ffe8ba0b1d551e1d1a9991fc1/bsh-core-2.0b4.jar;/C:/Users/Karina/.gradle/caches/modules-2/files-2.1/org.apache.jmeter/ApacheJMeter_functions/2.12/5ff983dda696c41e31f3c7b0ad403f2ddae2f395/ApacheJMeter_functions-2.12.jar;/C:/Users/Karina/.gradle/caches/modules-2/files-2.1/org.apache.jmeter/ApacheJMeter_monitors/2.12/2493e703fdb66101cc994ba1fc1a2ffef1ff368b/ApacheJMeter_monitors-2.12.jar;/C:/Users/Karina/.gradle/caches/modules-2/files-2.1/org.apache.jmeter/ApacheJMeter_ftp/2.12/3a5f6af88c2d5663e7e9af8a71d529ba91af5f90/ApacheJMeter_ftp-2.12.jar;/C:/Users/Karina/.gradle/caches/modules-2/files-2.1/org.apache.jmeter/ApacheJMeter_tcp/2.12/994d2cee3e01ccce9eb0152c4a6079ea5b668525/ApacheJMeter_tcp-2.12.jar;/C:/Users/Karina/.gradle/caches/modules-2/files-2.1/org.apache.jmeter/ApacheJMeter_components/2.12/e57a780744937b4195578a0fbd6e6ff045f76a0d/ApacheJMeter_components-2.12.jar;/C:/Users/Karina/.gradle/caches/modules-2/files-2.1/org.apache.jmeter/ApacheJMeter_http/2.12/f03b817b1268f9a230523406d0fa106986ed3502/ApacheJMeter_http-2.12.jar;/C:/Users/Karina/.gradle/caches/modules-2/files-2.1/org.apache.jmeter/ApacheJMeter_jms/2.12/bd7b32e697980ed2619b030080211d095eac19a7/ApacheJMeter_jms-2.12.jar;/C:/Users/Karina/.gradle/caches/modules-2/files-2.1/org.apache.jmeter/ApacheJMeter_junit/2.12/a04185da78fda31d9f8dba94634833fd126f465c/ApacheJMeter_junit-2.12.jar;/C:/Users/Karina/.gradle/caches/modules-2/files-2.1/org.apache.jmeter/ApacheJMeter_java/2.12/e03f144f13a979dd1393b2a82bb0eb435b7f6b87/ApacheJMeter_java-2.12.jar;/C:/Users/Karina/.gradle/caches/modules-2/files-2.1/org.beanshell/bsh/2.0b5/fdc2ab6ae8b53e0d4761b296c116df747cd85199/bsh-2.0b5.jar;C:\Users\Karina\Desktop\jmeter\build\jmeter\lib\ext 
2015/06/18 00:20:26 INFO  - jmeter.JMeter: Adding to classpath and loader: /C:/Users/Karina/.gradle/caches/modules-2/files-2.1/org.apache.jmeter/ApacheJMeter/2.12/78991622cdb52b30b4e0e44b9a51a8615a94788e/ApacheJMeter-2.12.jar 
2015/06/18 00:20:26 INFO  - jmeter.JMeter: Adding to classpath and loader: /C:/Users/Karina/.gradle/caches/modules-2/files-2.1/org.apache.jmeter/ApacheJMeter_mail/2.12/eb75ac54e1abca14a1904fa34cd6cd2d4a526438/ApacheJMeter_mail-2.12.jar 
2015/06/18 00:20:26 INFO  - jmeter.JMeter: Adding to classpath and loader: /C:/Users/Karina/.gradle/caches/modules-2/files-2.1/org.apache.jmeter/ApacheJMeter_report/2.12/39833edb6b69ed67e9757c32781bc11d71638e2f/ApacheJMeter_report-2.12.jar 
2015/06/18 00:20:26 INFO  - jmeter.JMeter: Adding to classpath and loader: /C:/Users/Karina/.gradle/caches/modules-2/files-2.1/org.apache.jmeter/ApacheJMeter_config/2.12/15a68aff204513fa7da7772852a8a6c30409b10d/ApacheJMeter_config-2.12.jar 
2015/06/18 00:20:26 INFO  - jmeter.JMeter: Adding to classpath and loader: /C:/Users/Karina/.gradle/caches/modules-2/files-2.1/org.apache.jmeter/ApacheJMeter_core/2.12/d723f22a5cb7a622b2ecc03db7311ecec8b01998/ApacheJMeter_core-2.12.jar 
2015/06/18 00:20:26 INFO  - jmeter.JMeter: Adding to classpath and loader: /C:/Users/Karina/.gradle/caches/modules-2/files-2.1/org.apache.jmeter/ApacheJMeter_jdbc/2.12/4e6cf188710f31e747a35ada7da3e28c552c69b3/ApacheJMeter_jdbc-2.12.jar 
2015/06/18 00:20:26 INFO  - jmeter.JMeter: Adding to classpath and loader: /C:/Users/Karina/.gradle/caches/modules-2/files-2.1/org.apache.jmeter/ApacheJMeter_ldap/2.12/f7a5cbfe0c7cb4d1210071ec625638f4e8f4dfd6/ApacheJMeter_ldap-2.12.jar 
2015/06/18 00:20:26 INFO  - jmeter.JMeter: Adding to classpath and loader: /C:/Users/Karina/.gradle/caches/modules-2/files-2.1/org.beanshell/bsh-core/2.0b4/495e25a99e29970ffe8ba0b1d551e1d1a9991fc1/bsh-core-2.0b4.jar 
2015/06/18 00:20:26 INFO  - jmeter.JMeter: Adding to classpath and loader: /C:/Users/Karina/.gradle/caches/modules-2/files-2.1/org.apache.jmeter/ApacheJMeter_functions/2.12/5ff983dda696c41e31f3c7b0ad403f2ddae2f395/ApacheJMeter_functions-2.12.jar 
2015/06/18 00:20:26 INFO  - jmeter.JMeter: Adding to classpath and loader: /C:/Users/Karina/.gradle/caches/modules-2/files-2.1/org.apache.jmeter/ApacheJMeter_monitors/2.12/2493e703fdb66101cc994ba1fc1a2ffef1ff368b/ApacheJMeter_monitors-2.12.jar 
2015/06/18 00:20:26 INFO  - jmeter.JMeter: Adding to classpath and loader: /C:/Users/Karina/.gradle/caches/modules-2/files-2.1/org.apache.jmeter/ApacheJMeter_ftp/2.12/3a5f6af88c2d5663e7e9af8a71d529ba91af5f90/ApacheJMeter_ftp-2.12.jar 
2015/06/18 00:20:26 INFO  - jmeter.JMeter: Adding to classpath and loader: /C:/Users/Karina/.gradle/caches/modules-2/files-2.1/org.apache.jmeter/ApacheJMeter_tcp/2.12/994d2cee3e01ccce9eb0152c4a6079ea5b668525/ApacheJMeter_tcp-2.12.jar 
2015/06/18 00:20:26 INFO  - jmeter.JMeter: Adding to classpath and loader: /C:/Users/Karina/.gradle/caches/modules-2/files-2.1/org.apache.jmeter/ApacheJMeter_components/2.12/e57a780744937b4195578a0fbd6e6ff045f76a0d/ApacheJMeter_components-2.12.jar 
2015/06/18 00:20:26 INFO  - jmeter.JMeter: Adding to classpath and loader: /C:/Users/Karina/.gradle/caches/modules-2/files-2.1/org.apache.jmeter/ApacheJMeter_http/2.12/f03b817b1268f9a230523406d0fa106986ed3502/ApacheJMeter_http-2.12.jar 
2015/06/18 00:20:26 INFO  - jmeter.JMeter: Adding to classpath and loader: /C:/Users/Karina/.gradle/caches/modules-2/files-2.1/org.apache.jmeter/ApacheJMeter_jms/2.12/bd7b32e697980ed2619b030080211d095eac19a7/ApacheJMeter_jms-2.12.jar 
2015/06/18 00:20:26 INFO  - jmeter.JMeter: Adding to classpath and loader: /C:/Users/Karina/.gradle/caches/modules-2/files-2.1/org.apache.jmeter/ApacheJMeter_junit/2.12/a04185da78fda31d9f8dba94634833fd126f465c/ApacheJMeter_junit-2.12.jar 
2015/06/18 00:20:26 INFO  - jmeter.JMeter: Adding to classpath and loader: /C:/Users/Karina/.gradle/caches/modules-2/files-2.1/org.apache.jmeter/ApacheJMeter_java/2.12/e03f144f13a979dd1393b2a82bb0eb435b7f6b87/ApacheJMeter_java-2.12.jar 
2015/06/18 00:20:26 INFO  - jmeter.JMeter: Adding to classpath and loader: /C:/Users/Karina/.gradle/caches/modules-2/files-2.1/org.beanshell/bsh/2.0b5/fdc2ab6ae8b53e0d4761b296c116df747cd85199/bsh-2.0b5.jar 
2015/06/18 00:20:26 INFO  - jmeter.JMeter: Adding to classpath and loader: C:\Users\Karina\Desktop\jmeter\build\jmeter\lib\ext 
2015/06/18 00:20:26 INFO  - jmeter.services.FileServer: Default base='C:\Users\Karina\Desktop\jmeter\build\jmeter' 
2015/06/18 00:20:26 INFO  - jmeter.services.FileServer: Set new base='C:\Users\Karina\Desktop\jmeter\src\test\jmeter' 
2015/06/18 00:20:26 INFO  - jmeter.JMeter: Loading file: C:\Users\Karina\Desktop\jmeter\src\test\jmeter\teste_update.jmx 
2015/06/18 00:20:27 INFO  - jmeter.save.SaveService: Testplan (JMX) version: 2.2. Testlog (JTL) version: 2.2 
2015/06/18 00:20:27 INFO  - jmeter.save.SaveService: Using SaveService properties file encoding UTF-8 
2015/06/18 00:20:27 INFO  - jmeter.save.SaveService: Using SaveService properties file version 1656252 
2015/06/18 00:20:27 INFO  - jmeter.save.SaveService: Using SaveService properties version 2.8 
2015/06/18 00:20:27 WARN  - jmeter.save.SaveService: Bad _version - expected 2.7, found 2.8. 
2015/06/18 00:20:27 INFO  - jmeter.save.SaveService: All converter versions present and correct 
2015/06/18 00:20:27 ERROR - jmeter.util.NameUpdater: Could not find upgrade file:  java.io.FileNotFoundException: C:\Users\Karina\Desktop\jmeter\build\jmeter\bin\upgrade.properties (O sistema não pode encontrar o caminho especificado)
	at java.io.FileInputStream.open0(Native Method)
	at java.io.FileInputStream.open(FileInputStream.java:195)
	at java.io.FileInputStream.<init>(FileInputStream.java:138)
	at org.apache.jmeter.util.NameUpdater.<clinit>(NameUpdater.java:53)
	at org.apache.jmeter.save.SaveService$XStreamWrapper$1.realClass(SaveService.java:91)
	at com.thoughtworks.xstream.mapper.MapperWrapper.realClass(MapperWrapper.java:30)
	at com.thoughtworks.xstream.mapper.CachingMapper.realClass(CachingMapper.java:47)
	at com.thoughtworks.xstream.core.util.HierarchicalStreams.readClassType(HierarchicalStreams.java:29)
	at com.thoughtworks.xstream.core.TreeUnmarshaller.start(TreeUnmarshaller.java:133)
	at com.thoughtworks.xstream.core.AbstractTreeMarshallingStrategy.unmarshal(AbstractTreeMarshallingStrategy.java:32)
	at com.thoughtworks.xstream.XStream.unmarshal(XStream.java:1185)
	at com.thoughtworks.xstream.XStream.unmarshal(XStream.java:1169)
	at com.thoughtworks.xstream.XStream.fromXML(XStream.java:1040)
	at org.apache.jmeter.save.SaveService.loadTree(SaveService.java:520)
	at org.apache.jmeter.JMeter.runNonGui(JMeter.java:749)
	at org.apache.jmeter.JMeter.startNonGui(JMeter.java:732)
	at org.apache.jmeter.JMeter.start(JMeter.java:390)
	at sun.reflect.NativeMethodAccessorImpl.invoke0(Native Method)
	at sun.reflect.NativeMethodAccessorImpl.invoke(NativeMethodAccessorImpl.java:62)
	at sun.reflect.DelegatingMethodAccessorImpl.invoke(DelegatingMethodAccessorImpl.java:43)
	at java.lang.reflect.Method.invoke(Method.java:497)
	at org.apache.jmeter.NewDriver.main(NewDriver.java:259)

2015/06/18 00:20:27 INFO  - jmeter.JMeter: Creating summariser <summary> 
2015/06/18 00:20:27 INFO  - jmeter.engine.StandardJMeterEngine: Listeners will be started after enabling running version 
2015/06/18 00:20:27 INFO  - jmeter.engine.StandardJMeterEngine: To revert to the earlier behaviour, define jmeterengine.startlistenerslater=false 
2015/06/18 00:20:27 INFO  - jmeter.engine.StandardJMeterEngine: Running the test! 
2015/06/18 00:20:27 INFO  - jmeter.samplers.SampleEvent: List of sample_variables: [] 
2015/06/18 00:20:27 INFO  - jmeter.samplers.SampleEvent: List of sample_variables: [] 
2015/06/18 00:20:27 INFO  - jmeter.engine.util.CompoundVariable: Note: Function class names must contain the string: '.functions.' 
2015/06/18 00:20:27 INFO  - jmeter.engine.util.CompoundVariable: Note: Function class names must not contain the string: '.gui.' 
2015/06/18 00:20:28 INFO  - jmeter.JMeter: Testes executando (1434597628903) 
2015/06/18 00:20:29 INFO  - jmeter.engine.StandardJMeterEngine: Starting ThreadGroup: 1 : Grupo de Usuários 
2015/06/18 00:20:29 INFO  - jmeter.engine.StandardJMeterEngine: Starting 10 threads for group Grupo de Usuários. 
2015/06/18 00:20:29 INFO  - jmeter.engine.StandardJMeterEngine: Thread will continue on error 
2015/06/18 00:20:29 INFO  - jmeter.threads.ThreadGroup: Starting thread group number 1 threads 10 ramp-up 1 perThread 100.0 delayedStart=false 
2015/06/18 00:20:29 INFO  - jmeter.threads.JMeterThread: jmeterthread.startearlier=true (see jmeter.properties) 
2015/06/18 00:20:29 INFO  - jmeter.threads.JMeterThread: Running PostProcessors in forward order 
2015/06/18 00:20:29 INFO  - jmeter.threads.ThreadGroup: Started thread group number 1 
2015/06/18 00:20:29 INFO  - jmeter.engine.StandardJMeterEngine: All thread groups have been started 
2015/06/18 00:20:29 INFO  - jmeter.threads.JMeterThread: Thread started: Grupo de Usuários 1-1 
2015/06/18 00:20:29 INFO  - jmeter.samplers.SampleResult: Note: Sample TimeStamps are START times 
2015/06/18 00:20:29 INFO  - jmeter.samplers.SampleResult: sampleresult.default.encoding is set to ISO-8859-1 
2015/06/18 00:20:29 INFO  - jmeter.samplers.SampleResult: sampleresult.useNanoTime=true 
2015/06/18 00:20:29 INFO  - jmeter.samplers.SampleResult: sampleresult.nanoThreadSleep=5000 
2015/06/18 00:20:29 INFO  - jmeter.threads.JMeterThread: Thread started: Grupo de Usuários 1-2 
2015/06/18 00:20:29 INFO  - jmeter.threads.JMeterThread: Thread started: Grupo de Usuários 1-3 
2015/06/18 00:20:29 INFO  - jmeter.threads.JMeterThread: Thread started: Grupo de Usuários 1-4 
2015/06/18 00:20:29 INFO  - jmeter.threads.JMeterThread: Thread started: Grupo de Usuários 1-5 
2015/06/18 00:20:29 INFO  - jmeter.threads.JMeterThread: Thread started: Grupo de Usuários 1-6 
2015/06/18 00:20:29 INFO  - jmeter.threads.JMeterThread: Thread started: Grupo de Usuários 1-7 
2015/06/18 00:20:29 INFO  - jmeter.threads.JMeterThread: Thread started: Grupo de Usuários 1-8 
2015/06/18 00:20:29 INFO  - jmeter.threads.JMeterThread: Thread started: Grupo de Usuários 1-9 
2015/06/18 00:20:29 INFO  - jmeter.threads.JMeterThread: Thread is done: Grupo de Usuários 1-1 
2015/06/18 00:20:29 INFO  - jmeter.threads.JMeterThread: Thread finished: Grupo de Usuários 1-1 
2015/06/18 00:20:29 INFO  - jmeter.threads.JMeterThread: Thread started: Grupo de Usuários 1-10 
2015/06/18 00:20:30 INFO  - jmeter.reporters.Summariser: summary +     22 in     1s =   22,5/s Avg:   204 Min:    47 Max:   329 Err:     0 (0,00%) Active: 9 Started: 10 Finished: 1 
2015/06/18 00:20:30 INFO  - jmeter.threads.JMeterThread: Thread is done: Grupo de Usuários 1-2 
2015/06/18 00:20:30 INFO  - jmeter.threads.JMeterThread: Thread finished: Grupo de Usuários 1-2 
2015/06/18 00:20:30 INFO  - jmeter.threads.JMeterThread: Thread is done: Grupo de Usuários 1-3 
2015/06/18 00:20:30 INFO  - jmeter.threads.JMeterThread: Thread finished: Grupo de Usuários 1-3 
2015/06/18 00:20:30 INFO  - jmeter.threads.JMeterThread: Thread is done: Grupo de Usuários 1-4 
2015/06/18 00:20:30 INFO  - jmeter.threads.JMeterThread: Thread finished: Grupo de Usuários 1-4 
2015/06/18 00:20:30 INFO  - jmeter.threads.JMeterThread: Thread is done: Grupo de Usuários 1-6 
2015/06/18 00:20:30 INFO  - jmeter.threads.JMeterThread: Thread finished: Grupo de Usuários 1-6 
2015/06/18 00:20:30 INFO  - jmeter.threads.JMeterThread: Thread is done: Grupo de Usuários 1-5 
2015/06/18 00:20:30 INFO  - jmeter.threads.JMeterThread: Thread finished: Grupo de Usuários 1-5 
2015/06/18 00:20:31 INFO  - jmeter.threads.JMeterThread: Thread is done: Grupo de Usuários 1-8 
2015/06/18 00:20:31 INFO  - jmeter.threads.JMeterThread: Thread is done: Grupo de Usuários 1-7 
2015/06/18 00:20:31 INFO  - jmeter.threads.JMeterThread: Thread finished: Grupo de Usuários 1-7 
2015/06/18 00:20:31 INFO  - jmeter.threads.JMeterThread: Thread finished: Grupo de Usuários 1-8 
2015/06/18 00:20:31 INFO  - jmeter.threads.JMeterThread: Thread is done: Grupo de Usuários 1-9 
2015/06/18 00:20:31 INFO  - jmeter.threads.JMeterThread: Thread finished: Grupo de Usuários 1-9 
2015/06/18 00:20:31 INFO  - jmeter.threads.JMeterThread: Thread is done: Grupo de Usuários 1-10 
2015/06/18 00:20:31 INFO  - jmeter.threads.JMeterThread: Thread finished: Grupo de Usuários 1-10 
2015/06/18 00:20:31 INFO  - jmeter.engine.StandardJMeterEngine: Notifying test listeners of end of test 
2015/06/18 00:20:31 INFO  - jmeter.reporters.Summariser: summary +     28 in   1,3s =   21,9/s Avg:   260 Min:   143 Max:   435 Err:     0 (0,00%) Active: 0 Started: 10 Finished: 10 
2015/06/18 00:20:31 INFO  - jmeter.reporters.Summariser: summary =     50 in   2,1s =   24,1/s Avg:   235 Min:    47 Max:   435 Err:     0 (0,00%) 
